<?xml version="1.0" encoding="UTF-8"?>
<testsuite xmlns:xsi="http://www.w3.org/2001/XMLSchema-instance" xsi:noNamespaceSchemaLocation="https://maven.apache.org/surefire/maven-surefire-plugin/xsd/surefire-test-report-3.0.xsd" version="3.0" name="TestSuite" time="2.163" tests="3" errors="0" skipped="0" failures="3">
  <properties>
    <property name="java.specification.version" value="17"/>
    <property name="sun.cpu.isalist" value="amd64"/>
    <property name="sun.jnu.encoding" value="Cp1252"/>
    <property name="java.class.path" value="C:\Users\baghe\Documents\Learning\TestAutomation_REstAssured_API_TestNG\TestAutomation_API\target\test-classes;C:\Users\baghe\Documents\Learning\TestAutomation_REstAssured_API_TestNG\TestAutomation_API\target\classes;C:\Users\baghe\.m2\repository\io\rest-assured\rest-assured\3.3.0\rest-assured-3.3.0.jar;C:\Users\baghe\.m2\repository\org\codehaus\groovy\groovy\2.4.15\groovy-2.4.15.jar;C:\Users\baghe\.m2\repository\org\codehaus\groovy\groovy-xml\2.4.15\groovy-xml-2.4.15.jar;C:\Users\baghe\.m2\repository\org\apache\httpcomponents\httpclient\4.5.3\httpclient-4.5.3.jar;C:\Users\baghe\.m2\repository\org\apache\httpcomponents\httpcore\4.4.6\httpcore-4.4.6.jar;C:\Users\baghe\.m2\repository\commons-logging\commons-logging\1.2\commons-logging-1.2.jar;C:\Users\baghe\.m2\repository\org\apache\httpcomponents\httpmime\4.5.3\httpmime-4.5.3.jar;C:\Users\baghe\.m2\repository\org\hamcrest\hamcrest-core\1.3\hamcrest-core-1.3.jar;C:\Users\baghe\.m2\repository\org\hamcrest\hamcrest-library\1.3\hamcrest-library-1.3.jar;C:\Users\baghe\.m2\repository\org\ccil\cowan\tagsoup\tagsoup\1.2.1\tagsoup-1.2.1.jar;C:\Users\baghe\.m2\repository\io\rest-assured\json-path\3.3.0\json-path-3.3.0.jar;C:\Users\baghe\.m2\repository\org\codehaus\groovy\groovy-json\2.4.15\groovy-json-2.4.15.jar;C:\Users\baghe\.m2\repository\io\rest-assured\rest-assured-common\3.3.0\rest-assured-common-3.3.0.jar;C:\Users\baghe\.m2\repository\io\rest-assured\xml-path\3.3.0\xml-path-3.3.0.jar;C:\Users\baghe\.m2\repository\org\apache\commons\commons-lang3\3.4\commons-lang3-3.4.jar;C:\Users\baghe\.m2\repository\javax\xml\bind\jaxb-api\2.2.12\jaxb-api-2.2.12.jar;C:\Users\baghe\.m2\repository\com\sun\xml\bind\jaxb-osgi\2.2.10\jaxb-osgi-2.2.10.jar;C:\Users\baghe\.m2\repository\org\apache\sling\org.apache.sling.javax.activation\0.1.0\org.apache.sling.javax.activation-0.1.0.jar;C:\Users\baghe\.m2\repository\io\rest-assured\json-schema-validator\3.3.0\json-schema-validator-3.3.0.jar;C:\Users\baghe\.m2\repository\com\github\java-json-tools\json-schema-validator\2.2.10\json-schema-validator-2.2.10.jar;C:\Users\baghe\.m2\repository\com\github\java-json-tools\json-schema-core\1.2.10\json-schema-core-1.2.10.jar;C:\Users\baghe\.m2\repository\com\github\java-json-tools\jackson-coreutils\1.9\jackson-coreutils-1.9.jar;C:\Users\baghe\.m2\repository\com\github\fge\msg-simple\1.1\msg-simple-1.1.jar;C:\Users\baghe\.m2\repository\com\github\fge\btf\1.2\btf-1.2.jar;C:\Users\baghe\.m2\repository\com\github\fge\uri-template\0.9\uri-template-0.9.jar;C:\Users\baghe\.m2\repository\org\mozilla\rhino\1.7.7.1\rhino-1.7.7.1.jar;C:\Users\baghe\.m2\repository\javax\mail\mailapi\1.4.3\mailapi-1.4.3.jar;C:\Users\baghe\.m2\repository\joda-time\joda-time\2.9.7\joda-time-2.9.7.jar;C:\Users\baghe\.m2\repository\com\googlecode\libphonenumber\libphonenumber\8.0.0\libphonenumber-8.0.0.jar;C:\Users\baghe\.m2\repository\net\sf\jopt-simple\jopt-simple\5.0.3\jopt-simple-5.0.3.jar;C:\Users\baghe\.m2\repository\com\googlecode\json-simple\json-simple\1.1.1\json-simple-1.1.1.jar;C:\Users\baghe\.m2\repository\junit\junit\4.10\junit-4.10.jar;C:\Users\baghe\.m2\repository\org\json\json\20230227\json-20230227.jar;C:\Users\baghe\.m2\repository\org\apache\poi\poi\5.2.2\poi-5.2.2.jar;C:\Users\baghe\.m2\repository\commons-codec\commons-codec\1.15\commons-codec-1.15.jar;C:\Users\baghe\.m2\repository\org\apache\commons\commons-collections4\4.4\commons-collections4-4.4.jar;C:\Users\baghe\.m2\repository\org\apache\commons\commons-math3\3.6.1\commons-math3-3.6.1.jar;C:\Users\baghe\.m2\repository\com\zaxxer\SparseBitSet\1.2\SparseBitSet-1.2.jar;C:\Users\baghe\.m2\repository\org\apache\logging\log4j\log4j-api\2.17.2\log4j-api-2.17.2.jar;C:\Users\baghe\.m2\repository\org\apache\poi\poi-ooxml\5.2.2\poi-ooxml-5.2.2.jar;C:\Users\baghe\.m2\repository\org\apache\poi\poi-ooxml-lite\5.2.2\poi-ooxml-lite-5.2.2.jar;C:\Users\baghe\.m2\repository\org\apache\xmlbeans\xmlbeans\5.0.3\xmlbeans-5.0.3.jar;C:\Users\baghe\.m2\repository\org\apache\commons\commons-compress\1.21\commons-compress-1.21.jar;C:\Users\baghe\.m2\repository\com\github\virtuald\curvesapi\1.07\curvesapi-1.07.jar;C:\Users\baghe\.m2\repository\com\google\guava\guava\32.0.0-jre\guava-32.0.0-jre.jar;C:\Users\baghe\.m2\repository\com\google\guava\failureaccess\1.0.1\failureaccess-1.0.1.jar;C:\Users\baghe\.m2\repository\com\google\guava\listenablefuture\9999.0-empty-to-avoid-conflict-with-guava\listenablefuture-9999.0-empty-to-avoid-conflict-with-guava.jar;C:\Users\baghe\.m2\repository\com\google\code\findbugs\jsr305\3.0.2\jsr305-3.0.2.jar;C:\Users\baghe\.m2\repository\org\checkerframework\checker-qual\3.33.0\checker-qual-3.33.0.jar;C:\Users\baghe\.m2\repository\com\google\errorprone\error_prone_annotations\2.18.0\error_prone_annotations-2.18.0.jar;C:\Users\baghe\.m2\repository\com\google\j2objc\j2objc-annotations\2.8\j2objc-annotations-2.8.jar;C:\Users\baghe\.m2\repository\org\slf4j\slf4j-simple\2.0.0\slf4j-simple-2.0.0.jar;C:\Users\baghe\.m2\repository\org\slf4j\slf4j-api\2.0.0\slf4j-api-2.0.0.jar;C:\Users\baghe\.m2\repository\org\slf4j\slf4j-reload4j\2.0.0\slf4j-reload4j-2.0.0.jar;C:\Users\baghe\.m2\repository\ch\qos\reload4j\reload4j\1.2.19\reload4j-1.2.19.jar;C:\Users\baghe\.m2\repository\com\fasterxml\jackson\core\jackson-databind\2.13.4.2\jackson-databind-2.13.4.2.jar;C:\Users\baghe\.m2\repository\com\fasterxml\jackson\core\jackson-annotations\2.13.4\jackson-annotations-2.13.4.jar;C:\Users\baghe\.m2\repository\com\fasterxml\jackson\core\jackson-core\2.13.4\jackson-core-2.13.4.jar;C:\Users\baghe\.m2\repository\com\github\dzieciou\testing\curl-logger\2.0.1\curl-logger-2.0.1.jar;C:\Users\baghe\.m2\repository\javax\json\javax.json-api\1.1.4\javax.json-api-1.1.4.jar;C:\Users\baghe\.m2\repository\com\jayway\jsonpath\json-path\2.9.0\json-path-2.9.0.jar;C:\Users\baghe\.m2\repository\net\minidev\json-smart\2.5.0\json-smart-2.5.0.jar;C:\Users\baghe\.m2\repository\net\minidev\accessors-smart\2.5.0\accessors-smart-2.5.0.jar;C:\Users\baghe\.m2\repository\org\ow2\asm\asm\9.3\asm-9.3.jar;C:\Users\baghe\.m2\repository\org\testng\testng\7.3.0\testng-7.3.0.jar;C:\Users\baghe\.m2\repository\com\beust\jcommander\1.78\jcommander-1.78.jar;C:\Users\baghe\.m2\repository\org\apache\ant\ant\1.10.3\ant-1.10.3.jar;C:\Users\baghe\.m2\repository\org\apache\ant\ant-launcher\1.10.3\ant-launcher-1.10.3.jar;C:\Users\baghe\.m2\repository\com\google\inject\guice\4.2.2\guice-4.2.2-no_aop.jar;C:\Users\baghe\.m2\repository\javax\inject\javax.inject\1\javax.inject-1.jar;C:\Users\baghe\.m2\repository\aopalliance\aopalliance\1.0\aopalliance-1.0.jar;C:\Users\baghe\.m2\repository\org\yaml\snakeyaml\1.21\snakeyaml-1.21.jar;C:\Users\baghe\.m2\repository\org\apache\logging\log4j\log4j-core\2.12.1\log4j-core-2.12.1.jar;C:\Users\baghe\.m2\repository\com\aventstack\extentreports\4.0.9\extentreports-4.0.9.jar;C:\Users\baghe\.m2\repository\org\freemarker\freemarker\2.3.23\freemarker-2.3.23.jar;C:\Users\baghe\.m2\repository\org\mongodb\mongodb-driver\3.3.0\mongodb-driver-3.3.0.jar;C:\Users\baghe\.m2\repository\org\mongodb\mongodb-driver-core\3.3.0\mongodb-driver-core-3.3.0.jar;C:\Users\baghe\.m2\repository\org\mongodb\bson\3.3.0\bson-3.3.0.jar;C:\Users\baghe\.m2\repository\com\google\code\gson\gson\2.8.5\gson-2.8.5.jar;C:\Users\baghe\.m2\repository\com\sun\mail\javax.mail\1.6.2\javax.mail-1.6.2.jar;C:\Users\baghe\.m2\repository\javax\activation\activation\1.1\activation-1.1.jar;C:\Users\baghe\.m2\repository\commons-io\commons-io\2.11.0\commons-io-2.11.0.jar;"/>
    <property name="java.vm.vendor" value="Eclipse Adoptium"/>
    <property name="sun.arch.data.model" value="64"/>
    <property name="user.variant" value=""/>
    <property name="java.vendor.url" value="https://adoptium.net/"/>
    <property name="user.timezone" value="Asia/Calcutta"/>
    <property name="os.name" value="Windows 11"/>
    <property name="java.vm.specification.version" value="17"/>
    <property name="sun.java.launcher" value="SUN_STANDARD"/>
    <property name="user.country" value="IN"/>
    <property name="sun.boot.library.path" value="C:\Users\baghe\Documents\Software\eclipse-jee-2023-09-R-win32-x86_64\eclipse\plugins\org.eclipse.justj.openjdk.hotspot.jre.full.win32.x86_64_17.0.8.v20230831-1047\jre\bin"/>
    <property name="sun.java.command" value="C:\Users\baghe\AppData\Local\Temp\surefire4590899895302016132\surefirebooter12442607227693498956.jar C:\Users\baghe\AppData\Local\Temp\surefire4590899895302016132 2024-08-17T13-47-53_976-jvmRun1 surefire2650187616202254613tmp surefire_011023435233763832280tmp"/>
    <property name="jdk.debug" value="release"/>
    <property name="surefire.test.class.path" value="C:\Users\baghe\Documents\Learning\TestAutomation_REstAssured_API_TestNG\TestAutomation_API\target\test-classes;C:\Users\baghe\Documents\Learning\TestAutomation_REstAssured_API_TestNG\TestAutomation_API\target\classes;C:\Users\baghe\.m2\repository\io\rest-assured\rest-assured\3.3.0\rest-assured-3.3.0.jar;C:\Users\baghe\.m2\repository\org\codehaus\groovy\groovy\2.4.15\groovy-2.4.15.jar;C:\Users\baghe\.m2\repository\org\codehaus\groovy\groovy-xml\2.4.15\groovy-xml-2.4.15.jar;C:\Users\baghe\.m2\repository\org\apache\httpcomponents\httpclient\4.5.3\httpclient-4.5.3.jar;C:\Users\baghe\.m2\repository\org\apache\httpcomponents\httpcore\4.4.6\httpcore-4.4.6.jar;C:\Users\baghe\.m2\repository\commons-logging\commons-logging\1.2\commons-logging-1.2.jar;C:\Users\baghe\.m2\repository\org\apache\httpcomponents\httpmime\4.5.3\httpmime-4.5.3.jar;C:\Users\baghe\.m2\repository\org\hamcrest\hamcrest-core\1.3\hamcrest-core-1.3.jar;C:\Users\baghe\.m2\repository\org\hamcrest\hamcrest-library\1.3\hamcrest-library-1.3.jar;C:\Users\baghe\.m2\repository\org\ccil\cowan\tagsoup\tagsoup\1.2.1\tagsoup-1.2.1.jar;C:\Users\baghe\.m2\repository\io\rest-assured\json-path\3.3.0\json-path-3.3.0.jar;C:\Users\baghe\.m2\repository\org\codehaus\groovy\groovy-json\2.4.15\groovy-json-2.4.15.jar;C:\Users\baghe\.m2\repository\io\rest-assured\rest-assured-common\3.3.0\rest-assured-common-3.3.0.jar;C:\Users\baghe\.m2\repository\io\rest-assured\xml-path\3.3.0\xml-path-3.3.0.jar;C:\Users\baghe\.m2\repository\org\apache\commons\commons-lang3\3.4\commons-lang3-3.4.jar;C:\Users\baghe\.m2\repository\javax\xml\bind\jaxb-api\2.2.12\jaxb-api-2.2.12.jar;C:\Users\baghe\.m2\repository\com\sun\xml\bind\jaxb-osgi\2.2.10\jaxb-osgi-2.2.10.jar;C:\Users\baghe\.m2\repository\org\apache\sling\org.apache.sling.javax.activation\0.1.0\org.apache.sling.javax.activation-0.1.0.jar;C:\Users\baghe\.m2\repository\io\rest-assured\json-schema-validator\3.3.0\json-schema-validator-3.3.0.jar;C:\Users\baghe\.m2\repository\com\github\java-json-tools\json-schema-validator\2.2.10\json-schema-validator-2.2.10.jar;C:\Users\baghe\.m2\repository\com\github\java-json-tools\json-schema-core\1.2.10\json-schema-core-1.2.10.jar;C:\Users\baghe\.m2\repository\com\github\java-json-tools\jackson-coreutils\1.9\jackson-coreutils-1.9.jar;C:\Users\baghe\.m2\repository\com\github\fge\msg-simple\1.1\msg-simple-1.1.jar;C:\Users\baghe\.m2\repository\com\github\fge\btf\1.2\btf-1.2.jar;C:\Users\baghe\.m2\repository\com\github\fge\uri-template\0.9\uri-template-0.9.jar;C:\Users\baghe\.m2\repository\org\mozilla\rhino\1.7.7.1\rhino-1.7.7.1.jar;C:\Users\baghe\.m2\repository\javax\mail\mailapi\1.4.3\mailapi-1.4.3.jar;C:\Users\baghe\.m2\repository\joda-time\joda-time\2.9.7\joda-time-2.9.7.jar;C:\Users\baghe\.m2\repository\com\googlecode\libphonenumber\libphonenumber\8.0.0\libphonenumber-8.0.0.jar;C:\Users\baghe\.m2\repository\net\sf\jopt-simple\jopt-simple\5.0.3\jopt-simple-5.0.3.jar;C:\Users\baghe\.m2\repository\com\googlecode\json-simple\json-simple\1.1.1\json-simple-1.1.1.jar;C:\Users\baghe\.m2\repository\junit\junit\4.10\junit-4.10.jar;C:\Users\baghe\.m2\repository\org\json\json\20230227\json-20230227.jar;C:\Users\baghe\.m2\repository\org\apache\poi\poi\5.2.2\poi-5.2.2.jar;C:\Users\baghe\.m2\repository\commons-codec\commons-codec\1.15\commons-codec-1.15.jar;C:\Users\baghe\.m2\repository\org\apache\commons\commons-collections4\4.4\commons-collections4-4.4.jar;C:\Users\baghe\.m2\repository\org\apache\commons\commons-math3\3.6.1\commons-math3-3.6.1.jar;C:\Users\baghe\.m2\repository\com\zaxxer\SparseBitSet\1.2\SparseBitSet-1.2.jar;C:\Users\baghe\.m2\repository\org\apache\logging\log4j\log4j-api\2.17.2\log4j-api-2.17.2.jar;C:\Users\baghe\.m2\repository\org\apache\poi\poi-ooxml\5.2.2\poi-ooxml-5.2.2.jar;C:\Users\baghe\.m2\repository\org\apache\poi\poi-ooxml-lite\5.2.2\poi-ooxml-lite-5.2.2.jar;C:\Users\baghe\.m2\repository\org\apache\xmlbeans\xmlbeans\5.0.3\xmlbeans-5.0.3.jar;C:\Users\baghe\.m2\repository\org\apache\commons\commons-compress\1.21\commons-compress-1.21.jar;C:\Users\baghe\.m2\repository\com\github\virtuald\curvesapi\1.07\curvesapi-1.07.jar;C:\Users\baghe\.m2\repository\com\google\guava\guava\32.0.0-jre\guava-32.0.0-jre.jar;C:\Users\baghe\.m2\repository\com\google\guava\failureaccess\1.0.1\failureaccess-1.0.1.jar;C:\Users\baghe\.m2\repository\com\google\guava\listenablefuture\9999.0-empty-to-avoid-conflict-with-guava\listenablefuture-9999.0-empty-to-avoid-conflict-with-guava.jar;C:\Users\baghe\.m2\repository\com\google\code\findbugs\jsr305\3.0.2\jsr305-3.0.2.jar;C:\Users\baghe\.m2\repository\org\checkerframework\checker-qual\3.33.0\checker-qual-3.33.0.jar;C:\Users\baghe\.m2\repository\com\google\errorprone\error_prone_annotations\2.18.0\error_prone_annotations-2.18.0.jar;C:\Users\baghe\.m2\repository\com\google\j2objc\j2objc-annotations\2.8\j2objc-annotations-2.8.jar;C:\Users\baghe\.m2\repository\org\slf4j\slf4j-simple\2.0.0\slf4j-simple-2.0.0.jar;C:\Users\baghe\.m2\repository\org\slf4j\slf4j-api\2.0.0\slf4j-api-2.0.0.jar;C:\Users\baghe\.m2\repository\org\slf4j\slf4j-reload4j\2.0.0\slf4j-reload4j-2.0.0.jar;C:\Users\baghe\.m2\repository\ch\qos\reload4j\reload4j\1.2.19\reload4j-1.2.19.jar;C:\Users\baghe\.m2\repository\com\fasterxml\jackson\core\jackson-databind\2.13.4.2\jackson-databind-2.13.4.2.jar;C:\Users\baghe\.m2\repository\com\fasterxml\jackson\core\jackson-annotations\2.13.4\jackson-annotations-2.13.4.jar;C:\Users\baghe\.m2\repository\com\fasterxml\jackson\core\jackson-core\2.13.4\jackson-core-2.13.4.jar;C:\Users\baghe\.m2\repository\com\github\dzieciou\testing\curl-logger\2.0.1\curl-logger-2.0.1.jar;C:\Users\baghe\.m2\repository\javax\json\javax.json-api\1.1.4\javax.json-api-1.1.4.jar;C:\Users\baghe\.m2\repository\com\jayway\jsonpath\json-path\2.9.0\json-path-2.9.0.jar;C:\Users\baghe\.m2\repository\net\minidev\json-smart\2.5.0\json-smart-2.5.0.jar;C:\Users\baghe\.m2\repository\net\minidev\accessors-smart\2.5.0\accessors-smart-2.5.0.jar;C:\Users\baghe\.m2\repository\org\ow2\asm\asm\9.3\asm-9.3.jar;C:\Users\baghe\.m2\repository\org\testng\testng\7.3.0\testng-7.3.0.jar;C:\Users\baghe\.m2\repository\com\beust\jcommander\1.78\jcommander-1.78.jar;C:\Users\baghe\.m2\repository\org\apache\ant\ant\1.10.3\ant-1.10.3.jar;C:\Users\baghe\.m2\repository\org\apache\ant\ant-launcher\1.10.3\ant-launcher-1.10.3.jar;C:\Users\baghe\.m2\repository\com\google\inject\guice\4.2.2\guice-4.2.2-no_aop.jar;C:\Users\baghe\.m2\repository\javax\inject\javax.inject\1\javax.inject-1.jar;C:\Users\baghe\.m2\repository\aopalliance\aopalliance\1.0\aopalliance-1.0.jar;C:\Users\baghe\.m2\repository\org\yaml\snakeyaml\1.21\snakeyaml-1.21.jar;C:\Users\baghe\.m2\repository\org\apache\logging\log4j\log4j-core\2.12.1\log4j-core-2.12.1.jar;C:\Users\baghe\.m2\repository\com\aventstack\extentreports\4.0.9\extentreports-4.0.9.jar;C:\Users\baghe\.m2\repository\org\freemarker\freemarker\2.3.23\freemarker-2.3.23.jar;C:\Users\baghe\.m2\repository\org\mongodb\mongodb-driver\3.3.0\mongodb-driver-3.3.0.jar;C:\Users\baghe\.m2\repository\org\mongodb\mongodb-driver-core\3.3.0\mongodb-driver-core-3.3.0.jar;C:\Users\baghe\.m2\repository\org\mongodb\bson\3.3.0\bson-3.3.0.jar;C:\Users\baghe\.m2\repository\com\google\code\gson\gson\2.8.5\gson-2.8.5.jar;C:\Users\baghe\.m2\repository\com\sun\mail\javax.mail\1.6.2\javax.mail-1.6.2.jar;C:\Users\baghe\.m2\repository\javax\activation\activation\1.1\activation-1.1.jar;C:\Users\baghe\.m2\repository\commons-io\commons-io\2.11.0\commons-io-2.11.0.jar;"/>
    <property name="sun.cpu.endian" value="little"/>
    <property name="user.home" value="C:\Users\baghe"/>
    <property name="user.language" value="en"/>
    <property name="java.specification.vendor" value="Oracle Corporation"/>
    <property name="java.version.date" value="2023-08-24"/>
    <property name="java.home" value="C:\Users\baghe\Documents\Software\eclipse-jee-2023-09-R-win32-x86_64\eclipse\plugins\org.eclipse.justj.openjdk.hotspot.jre.full.win32.x86_64_17.0.8.v20230831-1047\jre"/>
    <property name="testng.dtd.http" value="true"/>
    <property name="file.separator" value="\"/>
    <property name="style.color" value="always"/>
    <property name="basedir" value="C:\Users\baghe\Documents\Learning\TestAutomation_REstAssured_API_TestNG\TestAutomation_API"/>
    <property name="java.vm.compressedOopsMode" value="Zero based"/>
    <property name="line.separator" value="&#10;"/>
    <property name="java.vm.specification.vendor" value="Oracle Corporation"/>
    <property name="java.specification.name" value="Java Platform API Specification"/>
    <property name="surefire.real.class.path" value="C:\Users\baghe\AppData\Local\Temp\surefire4590899895302016132\surefirebooter12442607227693498956.jar"/>
    <property name="user.script" value=""/>
    <property name="sun.management.compiler" value="HotSpot 64-Bit Tiered Compilers"/>
    <property name="java.runtime.version" value="17.0.8.1+1"/>
    <property name="user.name" value="baghe"/>
    <property name="path.separator" value=";"/>
    <property name="os.version" value="10.0"/>
    <property name="java.runtime.name" value="OpenJDK Runtime Environment"/>
    <property name="file.encoding" value="Cp1252"/>
    <property name="java.vm.name" value="OpenJDK 64-Bit Server VM"/>
    <property name="java.vendor.version" value="Temurin-17.0.8.1+1"/>
    <property name="localRepository" value="C:\Users\baghe\.m2\repository"/>
    <property name="java.vendor.url.bug" value="https://github.com/adoptium/adoptium-support/issues"/>
    <property name="java.io.tmpdir" value="C:\Users\baghe\AppData\Local\Temp\"/>
    <property name="java.version" value="17.0.8.1"/>
    <property name="user.dir" value="C:\Users\baghe\Documents\Learning\TestAutomation_REstAssured_API_TestNG\TestAutomation_API"/>
    <property name="os.arch" value="amd64"/>
    <property name="java.vm.specification.name" value="Java Virtual Machine Specification"/>
    <property name="sun.os.patch.level" value=""/>
    <property name="native.encoding" value="Cp1252"/>
    <property name="java.library.path" value="C:\Users\baghe\Documents\Software\eclipse-jee-2023-09-R-win32-x86_64\eclipse\plugins\org.eclipse.justj.openjdk.hotspot.jre.full.win32.x86_64_17.0.8.v20230831-1047\jre\bin;C:\WINDOWS\Sun\Java\bin;C:\WINDOWS\system32;C:\WINDOWS;C:/Users/baghe/Documents/Software/eclipse-jee-2023-09-R-win32-x86_64/eclipse//plugins/org.eclipse.justj.openjdk.hotspot.jre.full.win32.x86_64_17.0.8.v20230831-1047/jre/bin/server;C:/Users/baghe/Documents/Software/eclipse-jee-2023-09-R-win32-x86_64/eclipse//plugins/org.eclipse.justj.openjdk.hotspot.jre.full.win32.x86_64_17.0.8.v20230831-1047/jre/bin;C:\Python312\Scripts\;C:\Python312\;C:\Windows\system32;C:\Windows;C:\Windows\System32\Wbem;C:\Windows\System32\WindowsPowerShell\v1.0\;C:\Windows\System32\OpenSSH\;C:\Program Files (x86)\NVIDIA Corporation\PhysX\Common;C:\Program Files\NVIDIA Corporation\NVIDIA NvDLISR;C:\WINDOWS\system32;C:\WINDOWS;C:\WINDOWS\System32\Wbem;C:\WINDOWS\System32\WindowsPowerShell\v1.0\;C:\WINDOWS\System32\OpenSSH\;C:\Program Files\Git\cmd;C:\Program Files\nodejs\;C:\ProgramData\chocolatey\bin;C:\Users\baghe\Documents\Learning\allure-2.30.0\allure-2.30.0\bin;C:\Users\baghe\AppData\Local\Microsoft\WindowsApps;C:\Users\baghe\Documents\Software\microsoft-jdk-21.0.0-windows-x64\jdk-21+35\bin;C:\Users\baghe\Documents\Software\apache-maven-3.9.5-bin\apache-maven-3.9.5\bin;C:\Users\baghe\AppData\Local\GitHubDesktop\bin;C:\Users\baghe\AppData\Roaming\npm;C:\Users\baghe\Documents\Learning\allure-2.30.0\allure-2.30.0\bin;;C:\Users\baghe\Documents\Software\eclipse-jee-2023-09-R-win32-x86_64\eclipse;;."/>
    <property name="java.vm.info" value="mixed mode"/>
    <property name="java.vendor" value="Eclipse Adoptium"/>
    <property name="java.vm.version" value="17.0.8.1+1"/>
    <property name="sun.io.unicode.encoding" value="UnicodeLittle"/>
    <property name="java.class.version" value="61.0"/>
  </properties>
  <testcase name="addBookBusinessScenario" classname="com.project.apiautomation.testcases.Book_E2E_BusinessScenarios" time="0.198">
    <failure message="Cannot invoke &quot;String.equalsIgnoreCase(String)&quot; because &quot;com.project.apiautomation.config.PropertiesFile.appname&quot; is null" type="java.lang.NullPointerException"><![CDATA[java.lang.NullPointerException: Cannot invoke "String.equalsIgnoreCase(String)" because "com.project.apiautomation.config.PropertiesFile.appname" is null
	at com.project.apiautomation.testcases.Book_E2E_BusinessScenarios.addBookBusinessScenario(Book_E2E_BusinessScenarios.java:35)
]]></failure>
    <system-out><![CDATA[[TestNGContentHandler] [WARN] It is strongly recommended to add "<!DOCTYPE suite SYSTEM "https://testng.org/testng-1.0.dtd" >" at the top of your file, otherwise TestNG may fail or not work as expected.
...
... TestNG 7.3.0 by CÃ©dric Beust (cedric@beust.com)
...

**** Test Suite Test started ****
insite initialize method
**** Running test method addBookBusinessScenario ....
Directory already exists at : 'C:\Users\baghe\Documents\Learning\TestAutomation_REstAssured_API_TestNG\TestAutomation_API\TestReports
????????????????null
]]></system-out>
    <system-err><![CDATA[log4j:ERROR Could not find value for key log4j.appender.HTML
log4j:ERROR Could not instantiate appender named "HTML".
Aug 17, 2024 1:47:56 PM com.project.apiautomation.config.ER Info
INFO: ***********************************************************************************************
Aug 17, 2024 1:47:56 PM com.project.apiautomation.config.ER Info
INFO: Execution Started.
Aug 17, 2024 1:47:56 PM com.project.apiautomation.config.ER Info
INFO: ***********************************************************************************************
]]></system-err>
  </testcase>
  <testcase name="getBookBusinessScenario" classname="com.project.apiautomation.testcases.Book_E2E_BusinessScenarios" time="0.365">
    <failure message="Base URI cannot be null" type="java.lang.IllegalArgumentException"><![CDATA[java.lang.IllegalArgumentException: Base URI cannot be null
	at com.project.apiautomation.testcases.Book_E2E_BusinessScenarios.getBookBusinessScenario(Book_E2E_BusinessScenarios.java:75)
]]></failure>
    <system-out><![CDATA[**** Test addBookBusinessScenario Test failed.
insite initialize method
**** Running test method getBookBusinessScenario ....
????????????????null
????????????????null
????????????????null
]]></system-out>
    <system-err><![CDATA[Aug 17, 2024 1:47:56 PM com.project.apiautomation.config.ER Info
INFO: ***********************************************************************************************
Aug 17, 2024 1:47:56 PM com.project.apiautomation.config.ER Info
INFO: Execution Started.
Aug 17, 2024 1:47:56 PM com.project.apiautomation.config.ER Info
INFO: ***********************************************************************************************
Aug 17, 2024 1:47:56 PM com.project.apiautomation.config.ER Pass
INFO: ***********************************************************************************************
Aug 17, 2024 1:47:56 PM com.project.apiautomation.config.ER Pass
INFO: User has access to endpoint : null
Aug 17, 2024 1:47:56 PM com.project.apiautomation.config.ER Pass
INFO: ***********************************************************************************************
]]></system-err>
  </testcase>
  <testcase name="deleteBookBusinessScenario" classname="com.project.apiautomation.testcases.Book_E2E_BusinessScenarios" time="0.017">
    <failure type="java.lang.NullPointerException"><![CDATA[java.lang.NullPointerException
	at com.project.apiautomation.testcases.Book_E2E_BusinessScenarios.deleteBookBusinessScenario(Book_E2E_BusinessScenarios.java:105)
]]></failure>
    <system-out><![CDATA[**** Test getBookBusinessScenario Test failed.
insite initialize method
**** Running test method deleteBookBusinessScenario ....
????????????????null
????????????????null
????????????????null
????????????????null
]]></system-out>
    <system-err><![CDATA[Aug 17, 2024 1:47:56 PM com.project.apiautomation.config.ER Info
INFO: ***********************************************************************************************
Aug 17, 2024 1:47:56 PM com.project.apiautomation.config.ER Info
INFO: Execution Started.
Aug 17, 2024 1:47:56 PM com.project.apiautomation.config.ER Info
INFO: ***********************************************************************************************
Aug 17, 2024 1:47:56 PM com.project.apiautomation.config.ER Pass
INFO: ***********************************************************************************************
Aug 17, 2024 1:47:56 PM com.project.apiautomation.config.ER Pass
INFO: User has access to endpoint : null
Aug 17, 2024 1:47:56 PM com.project.apiautomation.config.ER Pass
INFO: ***********************************************************************************************
]]></system-err>
  </testcase>
</testsuite>