<?xml version="1.0" encoding="UTF-8"?>
<!-- Generated by org.testng.reporters.JUnitReportReporter -->
<testsuite hostname="PRAKRITI-PC" failures="0" tests="3" name="com.project.apiautomation.testcases.Book_E2E_BusinessScenarios" time="2.111" errors="0" timestamp="2024-08-17T20:48:27 IST" skipped="0">
  <testcase classname="com.project.apiautomation.testcases.Book_E2E_BusinessScenarios" name="addBookBusinessScenario" time="1.925"/>
  <system-out/>
  <testcase classname="com.project.apiautomation.testcases.Book_E2E_BusinessScenarios" name="getBookBusinessScenario" time="0.106"/>
  <system-out/>
  <testcase classname="com.project.apiautomation.testcases.Book_E2E_BusinessScenarios" name="deleteBookBusinessScenario" time="0.080"/>
  <system-out/>
</testsuite> <!-- com.project.apiautomation.testcases.Book_E2E_BusinessScenarios -->
