<?xml version="1.0" encoding="UTF-8"?>
<!-- Generated by org.testng.reporters.JUnitReportReporter -->
<testsuite hostname="PRAKRITI-PC" failures="0" tests="3" name="com.project.apiautomation.testcases.AddBook" time="1.129" errors="0" timestamp="2024-08-10T16:15:51 IST" skipped="0">
  <testcase classname="com.project.apiautomation.testcases.AddBook" name="addBookBusinessScenario" time="0.984"/>
  <system-out/>
  <testcase classname="com.project.apiautomation.testcases.AddBook" name="getBookBusinessScenario" time="0.079"/>
  <system-out/>
  <testcase classname="com.project.apiautomation.testcases.AddBook" name="deleteBookBusinessScenario" time="0.066"/>
  <system-out/>
</testsuite> <!-- com.project.apiautomation.testcases.AddBook -->
